<?xml version="1.0" encoding="UTF-8"?>
<coverage generated="1664381136342" clover="3.2.0">
  <project timestamp="1664381136342" name="All files">
    <metrics statements="3" coveredstatements="3" conditionals="6" coveredconditionals="6" methods="2" coveredmethods="2" elements="11" coveredelements="11" complexity="0" loc="3" ncloc="3" packages="1" files="1" classes="1"/>
    <file name="Button.tsx" path="/home/nathanbarber/Desktop/react-uswds/src/components/Button/Button.tsx">
      <metrics statements="3" coveredstatements="3" conditionals="6" coveredconditionals="6" methods="2" coveredmethods="2"/>
      <line num="9" count="1" type="stmt"/>
      <line num="10" count="3" type="stmt"/>
      <line num="11" count="2" type="cond" truecount="4" falsecount="0"/>
    </file>
  </project>
</coverage>
