<?xml version="1.0" encoding="UTF-8"?>
<coverage generated="1664380270011" clover="3.2.0">
  <project timestamp="1664380270011" name="All files">
    <metrics statements="3" coveredstatements="3" conditionals="2" coveredconditionals="2" methods="2" coveredmethods="2" elements="7" coveredelements="7" complexity="0" loc="3" ncloc="3" packages="1" files="1" classes="1"/>
    <file name="Button.tsx" path="/home/nathanbarber/Desktop/react-uswds/src/components/Button/Button.tsx">
      <metrics statements="3" coveredstatements="3" conditionals="2" coveredconditionals="2" methods="2" coveredmethods="2"/>
      <line num="17" count="1" type="stmt"/>
      <line num="18" count="1" type="stmt"/>
      <line num="19" count="1" type="cond" truecount="2" falsecount="0"/>
    </file>
  </project>
</coverage>
