{"/home/nathanbarber/Desktop/react-uswds/src/components/Button/Button.tsx": {"path":"/home/nathanbarber/Desktop/react-uswds/src/components/Button/Button.tsx","statementMap":{"0":{"start":{"line":9,"column":38},"end":{"line":15,"column":1}},"1":{"start":{"line":10,"column":2},"end":{"line":14,"column":3}},"2":{"start":{"line":11,"column":110},"end":{"line":11,"column":145}}},"fnMap":{"0":{"name":"(anonymous_0)","decl":{"start":{"line":9,"column":38},"end":{"line":9,"column":39}},"loc":{"start":{"line":9,"column":87},"end":{"line":15,"column":1}},"line":9},"1":{"name":"(anonymous_1)","decl":{"start":{"line":11,"column":103},"end":{"line":11,"column":104}},"loc":{"start":{"line":11,"column":110},"end":{"line":11,"column":145}},"line":11}},"branchMap":{"0":{"loc":{"start":{"line":11,"column":70},"end":{"line":11,"column":90}},"type":"binary-expr","locations":[{"start":{"line":11,"column":70},"end":{"line":11,"column":77}},{"start":{"line":11,"column":81},"end":{"line":11,"column":90}}],"line":11},"1":{"loc":{"start":{"line":11,"column":110},"end":{"line":11,"column":145}},"type":"cond-expr","locations":[{"start":{"line":11,"column":130},"end":{"line":11,"column":140}},{"start":{"line":11,"column":143},"end":{"line":11,"column":145}}],"line":11},"2":{"loc":{"start":{"line":12,"column":7},"end":{"line":12,"column":24}},"type":"binary-expr","locations":[{"start":{"line":12,"column":7},"end":{"line":12,"column":15}},{"start":{"line":12,"column":19},"end":{"line":12,"column":24}}],"line":12}},"s":{"0":1,"1":3,"2":2},"f":{"0":3,"1":2},"b":{"0":[3,1],"1":[1,1],"2":[3,2]},"_coverageSchema":"1a1c01bbd47fc00a2c39e90264f33305004495a9","hash":"4d3182f1754f5c5c3ad65d663334788327c5350f"}
}
